<?xml version="1.0" encoding="UTF-8"?>
<testsuites name="SmokeTest" time="221" tests="3" failures="0" errors="0">
   <testsuite name="SmokeTest" tests="3" failures="0" errors="0" time="221" timestamp="2018-01-09 12:14:20" hostname="GThatikonda - INHYDTGOPINATH.logisticsdev.intra" id="Test Suites/SmokeTest">
      <properties>
         <property name="deviceName" value=""/>
         <property name="devicePlatform" value=""/>
         <property name="logFolder" value="C:\\Users\\GThatikonda\\git\\MultiQuote\\Reports\\SmokeTest\\20180109_121418"/>
         <property name="logFiles" value="C:\\Users\\GThatikonda\\git\\MultiQuote\\Reports\\SmokeTest\\20180109_121418\\execution0.log"/>
         <property name="attachments" value="C:\\Users\\GThatikonda\\git\\MultiQuote\\Reports\\SmokeTest\\20180109_121418\\1515480301398.png, C:\\Users\\GThatikonda\\git\\MultiQuote\\Reports\\SmokeTest\\20180109_121418\\1515480326888.png, C:\\Users\\GThatikonda\\git\\MultiQuote\\Reports\\SmokeTest\\20180109_121418\\1515480366859.png, C:\\Users\\GThatikonda\\git\\MultiQuote\\Reports\\SmokeTest\\20180109_121418\\1515480389815.png, C:\\Users\\GThatikonda\\git\\MultiQuote\\Reports\\SmokeTest\\20180109_121418\\1515480441204.png, C:\\Users\\GThatikonda\\git\\MultiQuote\\Reports\\SmokeTest\\20180109_121418\\1515480464175.png"/>
         <property name="hostName" value="GThatikonda - INHYDTGOPINATH.logisticsdev.intra"/>
         <property name="os" value="Windows 7 64bit"/>
         <property name="katalonVersion" value="5.2.0.1"/>
         <property name="browser" value="Chrome 63.0.3239.132"/>
         <property name="hostAddress" value="10.138.106.68"/>
         <property name="sessionId" value="6f279f5a922bda6337250ec2630f6b1b"/>
         <property name="seleniumVersion" value="3.7.1"/>
         <property name="proxyInformation" value="ProxyInformation{proxyOption=NO_PROXY, proxyServerType=HTTP, password=, proxyServerAddress=, proxyServerPort=0}"/>
         <property name="platform" value="Windows 7"/>
      </properties>
      <testcase name="Test Cases/MQ_Smoke_Scenario/Air/1_CSR_Create_MQ_AIR" classname="Test Cases/MQ_Smoke_Scenario/Air/1_CSR_Create_MQ_AIR" status="PASSED">
         <system-out><![CDATA[2018-01-09 12:14:21 - [TEST_CASE][PASSED] - Test Cases/MQ_Smoke_Scenario/Air/1_CSR_Create_MQ_AIR: Test Cases/MQ_Smoke_Scenario/Air/1_CSR_Create_MQ_AIR

2018-01-09 12:14:21 - [TEST_STEP][PASSED] - new1.SignInIE.As: new1.SignInIE.As is PASSED

2018-01-09 12:14:44 - [MESSAGE][PASSED] - Browser is opened with url: 'https://logistics%5cTopuser1_branch:pass1234@focisdemo.agility.com/'

2018-01-09 12:14:46 - [MESSAGE][PASSED] - Current window maximized

2018-01-09 12:14:46 - [MESSAGE][PASSED] - Wait for page load successfully

2018-01-09 12:14:46 - [MESSAGE][PASSED] - jQuery is ready.

2018-01-09 12:14:46 - [MESSAGE][PASSED] - new1.SignInIE.As is PASSED

2018-01-09 12:14:46 - [TEST_STEP][PASSED] - fn.Create.mutiQuote: fn.Create.mutiQuote is PASSED

2018-01-09 12:14:46 - [MESSAGE][PASSED] - Wait for page load successfully

2018-01-09 12:14:46 - [MESSAGE][PASSED] - jQuery is ready.

2018-01-09 12:14:46 - [MESSAGE][PASSED] - Object 'Object Repository/MQ/ListPage/btn_Create Multi-Quote' is present

2018-01-09 12:14:46 - [MESSAGE][PASSED] - Object 'Object Repository/MQ/ListPage/btn_Create Multi-Quote' is clickable

2018-01-09 12:14:48 - [MESSAGE][PASSED] - Object: 'Object Repository/MQ/ListPage/btn_Create Multi-Quote' is clicked on

2018-01-09 12:14:48 - [MESSAGE][PASSED] - Wait for page load successfully

2018-01-09 12:14:48 - [MESSAGE][PASSED] - jQuery is ready.

2018-01-09 12:14:48 - [MESSAGE][PASSED] - fn.Create.mutiQuote is PASSED

2018-01-09 12:14:48 - [TEST_STEP][PASSED] - selectOptionByLabel: All options with label 'Air Freight' are selected in object 'Object Repository/MQ/CarrierSearch/Product' 

2018-01-09 12:14:48 - [MESSAGE][PASSED] - All options with label 'Air Freight' are selected in object 'Object Repository/MQ/CarrierSearch/Product' 

2018-01-09 12:14:48 - [TEST_STEP][PASSED] - selectOptionByLabel: All options with label 'Expedited' are selected in object 'Object Repository/MQ/CarrierSearch/ProductType' 

2018-01-09 12:14:49 - [MESSAGE][PASSED] - All options with label 'Expedited' are selected in object 'Object Repository/MQ/CarrierSearch/ProductType' 

2018-01-09 12:14:49 - [TEST_STEP][PASSED] - selectOptionByLabel: All options with label 'Premier' are selected in object 'Object Repository/MQ/CarrierSearch/ProductType' 

2018-01-09 12:14:49 - [MESSAGE][PASSED] - All options with label 'Premier' are selected in object 'Object Repository/MQ/CarrierSearch/ProductType' 

2018-01-09 12:14:49 - [TEST_STEP][PASSED] - selectOptionByLabel: All options with label 'Value' are selected in object 'Object Repository/MQ/CarrierSearch/ProductType' 

2018-01-09 12:14:49 - [MESSAGE][PASSED] - All options with label 'Value' are selected in object 'Object Repository/MQ/CarrierSearch/ProductType' 

2018-01-09 12:14:49 - [TEST_STEP][PASSED] - fn.Search.multiple: fn.Search.multiple is PASSED

2018-01-09 12:14:49 - [MESSAGE][PASSED] - Object 'OriginPort' is visible

2018-01-09 12:14:50 - [MESSAGE][PASSED] - Object: 'OriginPort' is clicked on

2018-01-09 12:14:51 - [MESSAGE][PASSED] - Object 'Object Repository/MQ/Port_Country_Search/selectRow' is clickable

2018-01-09 12:14:51 - [MESSAGE][PASSED] - Text 'UAK' is set on object 'Object Repository/MQ/Port_Country_Search/search_port_or_country'

2018-01-09 12:14:52 - [MESSAGE][PASSED] - Object 'UAK' is visible

2018-01-09 12:14:52 - [MESSAGE][PASSED] - Object: 'Object Repository/MQ/Port_Country_Search/selectRow' is clicked on

2018-01-09 12:14:53 - [MESSAGE][PASSED] - Text '' is set on object 'Object Repository/MQ/Port_Country_Search/search_port_or_country'

2018-01-09 12:14:53 - [MESSAGE][PASSED] - Text 'NAQ' is set on object 'Object Repository/MQ/Port_Country_Search/search_port_or_country'

2018-01-09 12:14:54 - [MESSAGE][PASSED] - Object 'NAQ' is visible

2018-01-09 12:14:54 - [MESSAGE][PASSED] - Object: 'Object Repository/MQ/Port_Country_Search/selectRow' is clicked on

2018-01-09 12:14:55 - [MESSAGE][PASSED] - Text '' is set on object 'Object Repository/MQ/Port_Country_Search/search_port_or_country'

2018-01-09 12:14:55 - [MESSAGE][PASSED] - Text 'KUS' is set on object 'Object Repository/MQ/Port_Country_Search/search_port_or_country'

2018-01-09 12:14:56 - [MESSAGE][PASSED] - Object 'KUS' is visible

2018-01-09 12:14:56 - [MESSAGE][PASSED] - Object: 'Object Repository/MQ/Port_Country_Search/selectRow' is clicked on

2018-01-09 12:14:57 - [MESSAGE][PASSED] - Text '' is set on object 'Object Repository/MQ/Port_Country_Search/search_port_or_country'

2018-01-09 12:14:57 - [MESSAGE][PASSED] - Object: 'Object Repository/MQ/Port_Country_Search/Associate' is clicked on

2018-01-09 12:14:57 - [MESSAGE][PASSED] - fn.Search.multiple is PASSED

2018-01-09 12:14:57 - [TEST_STEP][PASSED] - fn.Search.multiple: fn.Search.multiple is PASSED

2018-01-09 12:14:57 - [MESSAGE][PASSED] - Object 'DestinationPort' is visible

2018-01-09 12:14:57 - [MESSAGE][PASSED] - Object: 'DestinationPort' is clicked on

2018-01-09 12:14:58 - [MESSAGE][PASSED] - Object 'Object Repository/MQ/Port_Country_Search/selectRow' is clickable

2018-01-09 12:14:58 - [MESSAGE][PASSED] - Text 'KWI' is set on object 'Object Repository/MQ/Port_Country_Search/search_port_or_country'

2018-01-09 12:14:59 - [MESSAGE][PASSED] - Object 'KWI' is visible

2018-01-09 12:15:00 - [MESSAGE][PASSED] - Object: 'Object Repository/MQ/Port_Country_Search/selectRow' is clicked on

2018-01-09 12:15:00 - [MESSAGE][PASSED] - Text '' is set on object 'Object Repository/MQ/Port_Country_Search/search_port_or_country'

2018-01-09 12:15:00 - [MESSAGE][PASSED] - Object: 'Object Repository/MQ/Port_Country_Search/Associate' is clicked on

2018-01-09 12:15:00 - [MESSAGE][PASSED] - fn.Search.multiple is PASSED

2018-01-09 12:15:00 - [TEST_STEP][PASSED] - selectOptionByLabel: All options with label 'Airport to Airport' are selected in object 'Object Repository/MQ/CarrierSearch/Agility Movement Type' 

2018-01-09 12:15:01 - [MESSAGE][PASSED] - All options with label 'Airport to Airport' are selected in object 'Object Repository/MQ/CarrierSearch/Agility Movement Type' 

2018-01-09 12:15:01 - [TEST_STEP][PASSED] - selectOptionByLabel: All options with label 'Prepaid' are selected in object 'Object Repository/MQ/CarrierSearch/OF Term' 

2018-01-09 12:15:01 - [MESSAGE][PASSED] - All options with label 'Prepaid' are selected in object 'Object Repository/MQ/CarrierSearch/OF Term' 

2018-01-09 12:15:01 - [TEST_STEP][PASSED] - click: Object: 'Object Repository/MQ/CarrierSearch/HAZ NO' is clicked on

2018-01-09 12:15:01 - [MESSAGE][PASSED] - Object: 'Object Repository/MQ/CarrierSearch/HAZ NO' is clicked on

2018-01-09 12:15:01 - [TEST_STEP][PASSED] - click: Object: 'Object Repository/MQ/CarrierSearch/KnownShipper YES' is clicked on

2018-01-09 12:15:01 - [MESSAGE][PASSED] - Object: 'Object Repository/MQ/CarrierSearch/KnownShipper YES' is clicked on

2018-01-09 12:15:01 - [TEST_STEP][PASSED] - takeScreenshot: Taking screenshot successfully

2018-01-09 12:15:01 - [MESSAGE][PASSED] - Taking screenshot successfully
[[ATTACHMENT|C:\\Users\\GThatikonda\\git\\MultiQuote\\Reports\\SmokeTest\\20180109_121418\\1515480301398.png]]

2018-01-09 12:15:01 - [TEST_STEP][PASSED] - click: Object: 'Object Repository/MQ/CarrierSearch/Search_Carrier_Contract' is clicked on

2018-01-09 12:15:04 - [MESSAGE][PASSED] - Object: 'Object Repository/MQ/CarrierSearch/Search_Carrier_Contract' is clicked on

2018-01-09 12:15:04 - [TEST_STEP][PASSED] - fn.DragAndDropUnique.portCodesAir: fn.DragAndDropUnique.portCodesAir is PASSED

2018-01-09 12:15:04 - [MESSAGE][PASSED] - Object 'Object Repository/MQ/CarrierSearch/chkAllRoutes' is clickable

2018-01-09 12:15:05 - [MESSAGE][PASSED] - fn.DragAndDropUnique.portCodesAir is PASSED

2018-01-09 12:15:05 - [TEST_STEP][PASSED] - fn.Create.MQ_with_AgilityTariff: fn.Create.MQ_with_AgilityTariff is PASSED

2018-01-09 12:15:07 - [MESSAGE][PASSED] - Delayed 2 second(s)

2018-01-09 12:15:10 - [MESSAGE][PASSED] - Object: 'Object Repository/MQ/CarrierSearch/btn_Add_Agility_Tariff' is clicked on

2018-01-09 12:15:10 - [MESSAGE][PASSED] - Wait for page load successfully

2018-01-09 12:15:11 - [MESSAGE][PASSED] - jQuery is ready.

2018-01-09 12:15:11 - [MESSAGE][PASSED] - Scroll to object 'Object Repository/MQ/TariffSearch/Search_Agility_Tariff' successfully

2018-01-09 12:15:13 - [MESSAGE][PASSED] - Object: 'Object Repository/MQ/TariffSearch/Search_Agility_Tariff' is clicked on

2018-01-09 12:15:13 - [MESSAGE][PASSED] - Wait for page load successfully

2018-01-09 12:15:13 - [MESSAGE][PASSED] - jQuery is ready.

2018-01-09 12:15:13 - [MESSAGE][PASSED] - Scroll to object 'Object Repository/MQ/TariffSearch/Generate_Quote_with_Agility_Tariff' successfully

2018-01-09 12:15:22 - [MESSAGE][PASSED] - Object: 'Object Repository/MQ/TariffSearch/Generate_Quote_with_Agility_Tariff' is clicked on

2018-01-09 12:15:22 - [MESSAGE][PASSED] - Wait for page load successfully

2018-01-09 12:15:22 - [MESSAGE][PASSED] - jQuery is ready.

2018-01-09 12:15:23 - [MESSAGE][PASSED] - Delayed 1 second(s)

2018-01-09 12:15:23 - [MESSAGE][PASSED] - fn.Create.MQ_with_AgilityTariff is PASSED

2018-01-09 12:15:23 - [TEST_STEP][PASSED] - Statement - MQ_No = com.kms.katalon.core.webui.keyword.WebUiBuiltInKeywords.getText(com.kms.katalon.core.testobject.ObjectRepository.findTestObject(Object Repository/MQ/QuoteInfoPage/getQuoteNo)): Text of object 'Object Repository/MQ/QuoteInfoPage/getQuoteNo' is: 'MQ-133-INDEV'

2018-01-09 12:15:23 - [MESSAGE][PASSED] - Text of object 'Object Repository/MQ/QuoteInfoPage/getQuoteNo' is: 'MQ-133-INDEV'

2018-01-09 12:15:23 - [TEST_STEP][PASSED] - Statement - err.println(MQ_No): null

2018-01-09 12:15:23 - [TEST_STEP][PASSED] - setText: Text 'Selenium Automation Script run by Local Host Name/IP Address: INHYDTGOPINATH/10.138.106.68
Name of the OS         : Windows 7
Version of the OS      : 6.1
Architecture of the OS : amd64
Name of the Browser    : chrome
Browser Version        : 63.0.3239.132' is set on object 'Object Repository/MQ/QuoteInfoPage/Add Cargo Desription'

2018-01-09 12:15:23 - [MESSAGE][PASSED] - fn.Host.details is PASSED

2018-01-09 12:15:26 - [MESSAGE][PASSED] - Text 'Selenium Automation Script run by Local Host Name/IP Address: INHYDTGOPINATH/10.138.106.68
Name of the OS         : Windows 7
Version of the OS      : 6.1
Architecture of the OS : amd64
Name of the Browser    : chrome
Browser Version        : 63.0.3239.132' is set on object 'Object Repository/MQ/QuoteInfoPage/Add Cargo Desription'

2018-01-09 12:15:26 - [TEST_STEP][PASSED] - setText: Text 'INHYDTGOPINATH' is set on object 'Object Repository/MQ/QuoteInfoPage/QuoteCustomerRefNo'

2018-01-09 12:15:26 - [MESSAGE][PASSED] - fn.Host.name is PASSED

2018-01-09 12:15:26 - [MESSAGE][PASSED] - Text 'INHYDTGOPINATH' is set on object 'Object Repository/MQ/QuoteInfoPage/QuoteCustomerRefNo'

2018-01-09 12:15:26 - [TEST_STEP][PASSED] - takeScreenshot: Taking screenshot successfully

2018-01-09 12:15:27 - [MESSAGE][PASSED] - Taking screenshot successfully
[[ATTACHMENT|C:\\Users\\GThatikonda\\git\\MultiQuote\\Reports\\SmokeTest\\20180109_121418\\1515480326888.png]]

2018-01-09 12:15:27 - [TEST_STEP][PASSED] - delay: Delayed 1 second(s)

2018-01-09 12:15:28 - [MESSAGE][PASSED] - Delayed 1 second(s)

2018-01-09 12:15:28 - [TEST_STEP][PASSED] - scrollToElement: Scroll to object 'Object Repository/MQ/QuoteInfoPage/btn_Save_and_Continue' successfully

2018-01-09 12:15:28 - [MESSAGE][PASSED] - Scroll to object 'Object Repository/MQ/QuoteInfoPage/btn_Save_and_Continue' successfully

2018-01-09 12:15:28 - [TEST_STEP][PASSED] - click: Object: 'Object Repository/MQ/QuoteInfoPage/btn_Save_and_Continue' is clicked on

2018-01-09 12:15:31 - [MESSAGE][PASSED] - Object: 'Object Repository/MQ/QuoteInfoPage/btn_Save_and_Continue' is clicked on

2018-01-09 12:15:31 - [TEST_STEP][PASSED] - waitForPageLoad: Wait for page load successfully

2018-01-09 12:15:31 - [MESSAGE][PASSED] - Wait for page load successfully

2018-01-09 12:15:31 - [TEST_STEP][PASSED] - waitForJQueryLoad: jQuery is ready.

2018-01-09 12:15:31 - [MESSAGE][PASSED] - jQuery is ready.

2018-01-09 12:15:31 - [TEST_STEP][PASSED] - click: Object: 'Object Repository/MQ/MQ_Tab/QuoteSummaryTab' is clicked on

2018-01-09 12:15:33 - [MESSAGE][PASSED] - Object: 'Object Repository/MQ/MQ_Tab/QuoteSummaryTab' is clicked on

2018-01-09 12:15:33 - [TEST_STEP][PASSED] - fn.Select.Customer: fn.Select.Customer is PASSED

2018-01-09 12:15:33 - [MESSAGE][PASSED] - Wait for page load successfully

2018-01-09 12:15:34 - [MESSAGE][PASSED] - Delayed 1 second(s)

2018-01-09 12:15:34 - [MESSAGE][PASSED] - Scroll to object 'Object Repository/MQ/QuoteSummaryPage/btn_CustomerNamePopup' successfully

2018-01-09 12:15:34 - [MESSAGE][PASSED] - Object: 'Object Repository/MQ/QuoteSummaryPage/btn_CustomerNamePopup' is clicked on

2018-01-09 12:15:35 - [MESSAGE][PASSED] - Text 'z AES TEST STAKEHOLDER' is set on object 'Object Repository/MQ/QuoteSummaryPage/searchAddress'

2018-01-09 12:15:35 - [MESSAGE][PASSED] - Keys 'ENTER + ' sent to object: 'Object Repository/MQ/QuoteSummaryPage/searchAddress'

2018-01-09 12:15:35 - [MESSAGE][PASSED] - Wait for page load successfully

2018-01-09 12:15:37 - [MESSAGE][PASSED] - Delayed 2 second(s)

2018-01-09 12:15:37 - [MESSAGE][PASSED] - Object 'Object Repository/MQ/QuoteSummaryPage/selectAddress' is present

2018-01-09 12:15:37 - [MESSAGE][PASSED] - Object 'Object Repository/MQ/QuoteSummaryPage/selectAddress' is clickable

2018-01-09 12:15:37 - [MESSAGE][PASSED] - Object: 'Object Repository/MQ/QuoteSummaryPage/selectAddress' is clicked on

2018-01-09 12:15:37 - [MESSAGE][PASSED] - fn.Select.Customer is PASSED

2018-01-09 12:15:37 - [TEST_STEP][PASSED] - fn.Submit_To.QuoteApprover: fn.Submit_To.QuoteApprover is PASSED

2018-01-09 12:15:37 - [MESSAGE][PASSED] - Wait for page load successfully

2018-01-09 12:15:37 - [MESSAGE][PASSED] - Scroll to object 'Object Repository/MQ/QuoteSummaryPage/btn_QuoteApproverPopup' successfully

2018-01-09 12:15:38 - [MESSAGE][PASSED] - Delayed 1 second(s)

2018-01-09 12:15:38 - [MESSAGE][PASSED] - Object: 'Object Repository/MQ/QuoteSummaryPage/btn_QuoteApproverPopup' is clicked on

2018-01-09 12:15:39 - [MESSAGE][PASSED] - Text 'topuser2_branch' is set on object 'Object Repository/MQ/QuoteSummaryPage/searchUser'

2018-01-09 12:15:39 - [MESSAGE][PASSED] - Wait for page load successfully

2018-01-09 12:15:40 - [MESSAGE][PASSED] - Delayed 1 second(s)

2018-01-09 12:15:40 - [MESSAGE][PASSED] - Object 'Object Repository/MQ/QuoteSummaryPage/selectUser' is present

2018-01-09 12:15:40 - [MESSAGE][PASSED] - Object 'Object Repository/MQ/QuoteSummaryPage/selectUser' is clickable

2018-01-09 12:15:40 - [MESSAGE][PASSED] - Object: 'Object Repository/MQ/QuoteSummaryPage/selectUser' is clicked on

2018-01-09 12:15:42 - [MESSAGE][PASSED] - Object: 'Object Repository/MQ/QuoteSummaryPage/btn_SubmitToQuoteApprover' is clicked on

2018-01-09 12:15:42 - [MESSAGE][PASSED] - Wait for page load successfully

2018-01-09 12:15:43 - [MESSAGE][PASSED] - jQuery is ready.

2018-01-09 12:15:43 - [MESSAGE][PASSED] - fn.Submit_To.QuoteApprover is PASSED

2018-01-09 12:15:43 - [TEST_STEP][PASSED] - closeBrowser: Browser is closed

2018-01-09 12:15:44 - [MESSAGE][PASSED] - Browser is closed]]></system-out>
         <system-err><![CDATA[]]></system-err>
      </testcase>
      <testcase name="Test Cases/MQ_Smoke_Scenario/FCL/1_CSR_Create_MQ_FCL" classname="Test Cases/MQ_Smoke_Scenario/FCL/1_CSR_Create_MQ_FCL" status="PASSED">
         <system-out><![CDATA[2018-01-09 12:15:44 - [TEST_CASE][PASSED] - Test Cases/MQ_Smoke_Scenario/FCL/1_CSR_Create_MQ_FCL: Test Cases/MQ_Smoke_Scenario/FCL/1_CSR_Create_MQ_FCL

2018-01-09 12:15:44 - [TEST_STEP][PASSED] - new1.SignInIE.As: new1.SignInIE.As is PASSED

2018-01-09 12:15:53 - [MESSAGE][PASSED] - Browser is opened with url: 'https://logistics%5cTopuser1_branch:pass1234@focisdemo.agility.com/'

2018-01-09 12:15:54 - [MESSAGE][PASSED] - Current window maximized

2018-01-09 12:15:54 - [MESSAGE][PASSED] - Wait for page load successfully

2018-01-09 12:15:54 - [MESSAGE][PASSED] - jQuery is ready.

2018-01-09 12:15:54 - [MESSAGE][PASSED] - new1.SignInIE.As is PASSED

2018-01-09 12:15:54 - [TEST_STEP][PASSED] - fn.Create.mutiQuote: fn.Create.mutiQuote is PASSED

2018-01-09 12:15:54 - [MESSAGE][PASSED] - Wait for page load successfully

2018-01-09 12:15:54 - [MESSAGE][PASSED] - jQuery is ready.

2018-01-09 12:15:54 - [MESSAGE][PASSED] - Object 'Object Repository/MQ/ListPage/btn_Create Multi-Quote' is present

2018-01-09 12:15:54 - [MESSAGE][PASSED] - Object 'Object Repository/MQ/ListPage/btn_Create Multi-Quote' is clickable

2018-01-09 12:15:56 - [MESSAGE][PASSED] - Object: 'Object Repository/MQ/ListPage/btn_Create Multi-Quote' is clicked on

2018-01-09 12:15:56 - [MESSAGE][PASSED] - Wait for page load successfully

2018-01-09 12:15:56 - [MESSAGE][PASSED] - jQuery is ready.

2018-01-09 12:15:56 - [MESSAGE][PASSED] - fn.Create.mutiQuote is PASSED

2018-01-09 12:15:56 - [TEST_STEP][PASSED] - fn.ValidateProduct.productType: fn.ValidateProduct.productType is PASSED

2018-01-09 12:15:56 - [MESSAGE][PASSED] - fn.ValidateProduct.productType is PASSED

2018-01-09 12:15:56 - [TEST_STEP][PASSED] - fn.Search.multiple: fn.Search.multiple is PASSED

2018-01-09 12:15:56 - [MESSAGE][PASSED] - Object 'OriginPort' is visible

2018-01-09 12:15:56 - [MESSAGE][PASSED] - Object: 'OriginPort' is clicked on

2018-01-09 12:15:57 - [MESSAGE][PASSED] - Object 'Object Repository/MQ/Port_Country_Search/selectRow' is clickable

2018-01-09 12:15:57 - [MESSAGE][PASSED] - Text 'INMAA' is set on object 'Object Repository/MQ/Port_Country_Search/search_port_or_country'

2018-01-09 12:15:58 - [MESSAGE][PASSED] - Object 'INMAA' is visible

2018-01-09 12:15:58 - [MESSAGE][PASSED] - Object: 'Object Repository/MQ/Port_Country_Search/selectRow' is clicked on

2018-01-09 12:15:59 - [MESSAGE][PASSED] - Text '' is set on object 'Object Repository/MQ/Port_Country_Search/search_port_or_country'

2018-01-09 12:15:59 - [MESSAGE][PASSED] - Text 'INNSA' is set on object 'Object Repository/MQ/Port_Country_Search/search_port_or_country'

2018-01-09 12:16:00 - [MESSAGE][PASSED] - Object 'INNSA' is visible

2018-01-09 12:16:01 - [MESSAGE][PASSED] - Object: 'Object Repository/MQ/Port_Country_Search/selectRow' is clicked on

2018-01-09 12:16:01 - [MESSAGE][PASSED] - Text '' is set on object 'Object Repository/MQ/Port_Country_Search/search_port_or_country'

2018-01-09 12:16:01 - [MESSAGE][PASSED] - Text 'INCCU' is set on object 'Object Repository/MQ/Port_Country_Search/search_port_or_country'

2018-01-09 12:16:02 - [MESSAGE][PASSED] - Object 'INCCU' is visible

2018-01-09 12:16:02 - [MESSAGE][PASSED] - Object: 'Object Repository/MQ/Port_Country_Search/selectRow' is clicked on

2018-01-09 12:16:03 - [MESSAGE][PASSED] - Text '' is set on object 'Object Repository/MQ/Port_Country_Search/search_port_or_country'

2018-01-09 12:16:03 - [MESSAGE][PASSED] - Object: 'Object Repository/MQ/Port_Country_Search/Associate' is clicked on

2018-01-09 12:16:03 - [MESSAGE][PASSED] - fn.Search.multiple is PASSED

2018-01-09 12:16:03 - [TEST_STEP][PASSED] - fn.Search.multiple: fn.Search.multiple is PASSED

2018-01-09 12:16:03 - [MESSAGE][PASSED] - Object 'DestinationPort' is visible

2018-01-09 12:16:03 - [MESSAGE][PASSED] - Object: 'DestinationPort' is clicked on

2018-01-09 12:16:04 - [MESSAGE][PASSED] - Object 'Object Repository/MQ/Port_Country_Search/selectRow' is clickable

2018-01-09 12:16:04 - [MESSAGE][PASSED] - Text 'DEHAM' is set on object 'Object Repository/MQ/Port_Country_Search/search_port_or_country'

2018-01-09 12:16:05 - [MESSAGE][PASSED] - Object 'DEHAM' is visible

2018-01-09 12:16:05 - [MESSAGE][PASSED] - Object: 'Object Repository/MQ/Port_Country_Search/selectRow' is clicked on

2018-01-09 12:16:05 - [MESSAGE][PASSED] - Text '' is set on object 'Object Repository/MQ/Port_Country_Search/search_port_or_country'

2018-01-09 12:16:06 - [MESSAGE][PASSED] - Object: 'Object Repository/MQ/Port_Country_Search/Associate' is clicked on

2018-01-09 12:16:06 - [MESSAGE][PASSED] - fn.Search.multiple is PASSED

2018-01-09 12:16:06 - [TEST_STEP][PASSED] - selectOptionByLabel: All options with label 'CY to CY' are selected in object 'Object Repository/MQ/CarrierSearch/Agility Movement Type' 

2018-01-09 12:16:06 - [MESSAGE][PASSED] - All options with label 'CY to CY' are selected in object 'Object Repository/MQ/CarrierSearch/Agility Movement Type' 

2018-01-09 12:16:06 - [TEST_STEP][PASSED] - selectOptionByLabel: All options with label 'Prepaid' are selected in object 'Object Repository/MQ/CarrierSearch/OF Term' 

2018-01-09 12:16:06 - [MESSAGE][PASSED] - All options with label 'Prepaid' are selected in object 'Object Repository/MQ/CarrierSearch/OF Term' 

2018-01-09 12:16:06 - [TEST_STEP][PASSED] - click: Object: 'Object Repository/MQ/CarrierSearch/HAZ NO' is clicked on

2018-01-09 12:16:06 - [MESSAGE][PASSED] - Object: 'Object Repository/MQ/CarrierSearch/HAZ NO' is clicked on

2018-01-09 12:16:06 - [TEST_STEP][PASSED] - takeScreenshot: Taking screenshot successfully

2018-01-09 12:16:07 - [MESSAGE][PASSED] - Taking screenshot successfully
[[ATTACHMENT|C:\\Users\\GThatikonda\\git\\MultiQuote\\Reports\\SmokeTest\\20180109_121418\\1515480366859.png]]

2018-01-09 12:16:07 - [TEST_STEP][PASSED] - click: Object: 'Object Repository/MQ/CarrierSearch/Search_Carrier_Contract' is clicked on

2018-01-09 12:16:09 - [MESSAGE][PASSED] - Object: 'Object Repository/MQ/CarrierSearch/Search_Carrier_Contract' is clicked on

2018-01-09 12:16:09 - [TEST_STEP][PASSED] - fn.DragAndDropUnique.portCodesFCL: fn.DragAndDropUnique.portCodesFCL is PASSED

2018-01-09 12:16:09 - [MESSAGE][PASSED] - Object 'Object Repository/MQ/CarrierSearch/chkAllRoutes' is clickable

2018-01-09 12:16:10 - [MESSAGE][PASSED] - fn.DragAndDropUnique.portCodesFCL is PASSED

2018-01-09 12:16:10 - [TEST_STEP][PASSED] - fn.Create.MQ_with_AgilityTariff: fn.Create.MQ_with_AgilityTariff is PASSED

2018-01-09 12:16:12 - [MESSAGE][PASSED] - Delayed 2 second(s)

2018-01-09 12:16:15 - [MESSAGE][PASSED] - Object: 'Object Repository/MQ/CarrierSearch/btn_Add_Agility_Tariff' is clicked on

2018-01-09 12:16:15 - [MESSAGE][PASSED] - Wait for page load successfully

2018-01-09 12:16:15 - [MESSAGE][PASSED] - jQuery is ready.

2018-01-09 12:16:15 - [MESSAGE][PASSED] - Scroll to object 'Object Repository/MQ/TariffSearch/Search_Agility_Tariff' successfully

2018-01-09 12:16:17 - [MESSAGE][PASSED] - Object: 'Object Repository/MQ/TariffSearch/Search_Agility_Tariff' is clicked on

2018-01-09 12:16:17 - [MESSAGE][PASSED] - Wait for page load successfully

2018-01-09 12:16:17 - [MESSAGE][PASSED] - jQuery is ready.

2018-01-09 12:16:17 - [MESSAGE][PASSED] - Scroll to object 'Object Repository/MQ/TariffSearch/Generate_Quote_with_Agility_Tariff' successfully

2018-01-09 12:16:24 - [MESSAGE][PASSED] - Object: 'Object Repository/MQ/TariffSearch/Generate_Quote_with_Agility_Tariff' is clicked on

2018-01-09 12:16:24 - [MESSAGE][PASSED] - Wait for page load successfully

2018-01-09 12:16:24 - [MESSAGE][PASSED] - jQuery is ready.

2018-01-09 12:16:25 - [MESSAGE][PASSED] - Delayed 1 second(s)

2018-01-09 12:16:25 - [MESSAGE][PASSED] - fn.Create.MQ_with_AgilityTariff is PASSED

2018-01-09 12:16:25 - [TEST_STEP][PASSED] - Statement - MQ_No = com.kms.katalon.core.webui.keyword.WebUiBuiltInKeywords.getText(com.kms.katalon.core.testobject.ObjectRepository.findTestObject(Object Repository/MQ/QuoteInfoPage/getQuoteNo)): Text of object 'Object Repository/MQ/QuoteInfoPage/getQuoteNo' is: 'MQ-134-INDEV'

2018-01-09 12:16:26 - [MESSAGE][PASSED] - Text of object 'Object Repository/MQ/QuoteInfoPage/getQuoteNo' is: 'MQ-134-INDEV'

2018-01-09 12:16:26 - [TEST_STEP][PASSED] - Statement - err.println(MQ_No): null

2018-01-09 12:16:26 - [TEST_STEP][PASSED] - setText: Text 'Selenium Automation Script run by Local Host Name/IP Address: INHYDTGOPINATH/10.138.106.68
Name of the OS         : Windows 7
Version of the OS      : 6.1
Architecture of the OS : amd64
Name of the Browser    : chrome
Browser Version        : 63.0.3239.132' is set on object 'Object Repository/MQ/QuoteInfoPage/Add Cargo Desription'

2018-01-09 12:16:26 - [MESSAGE][PASSED] - fn.Host.details is PASSED

2018-01-09 12:16:29 - [MESSAGE][PASSED] - Text 'Selenium Automation Script run by Local Host Name/IP Address: INHYDTGOPINATH/10.138.106.68
Name of the OS         : Windows 7
Version of the OS      : 6.1
Architecture of the OS : amd64
Name of the Browser    : chrome
Browser Version        : 63.0.3239.132' is set on object 'Object Repository/MQ/QuoteInfoPage/Add Cargo Desription'

2018-01-09 12:16:29 - [TEST_STEP][PASSED] - setText: Text 'INHYDTGOPINATH' is set on object 'Object Repository/MQ/QuoteInfoPage/QuoteCustomerRefNo'

2018-01-09 12:16:29 - [MESSAGE][PASSED] - fn.Host.name is PASSED

2018-01-09 12:16:29 - [MESSAGE][PASSED] - Text 'INHYDTGOPINATH' is set on object 'Object Repository/MQ/QuoteInfoPage/QuoteCustomerRefNo'

2018-01-09 12:16:29 - [TEST_STEP][PASSED] - takeScreenshot: Taking screenshot successfully

2018-01-09 12:16:30 - [MESSAGE][PASSED] - Taking screenshot successfully
[[ATTACHMENT|C:\\Users\\GThatikonda\\git\\MultiQuote\\Reports\\SmokeTest\\20180109_121418\\1515480389815.png]]

2018-01-09 12:16:30 - [TEST_STEP][PASSED] - delay: Delayed 1 second(s)

2018-01-09 12:16:31 - [MESSAGE][PASSED] - Delayed 1 second(s)

2018-01-09 12:16:31 - [TEST_STEP][PASSED] - scrollToElement: Scroll to object 'Object Repository/MQ/QuoteInfoPage/btn_Save_and_Continue' successfully

2018-01-09 12:16:31 - [MESSAGE][PASSED] - Scroll to object 'Object Repository/MQ/QuoteInfoPage/btn_Save_and_Continue' successfully

2018-01-09 12:16:31 - [TEST_STEP][PASSED] - click: Object: 'Object Repository/MQ/QuoteInfoPage/btn_Save_and_Continue' is clicked on

2018-01-09 12:16:34 - [MESSAGE][PASSED] - Object: 'Object Repository/MQ/QuoteInfoPage/btn_Save_and_Continue' is clicked on

2018-01-09 12:16:34 - [TEST_STEP][PASSED] - waitForPageLoad: Wait for page load successfully

2018-01-09 12:16:34 - [MESSAGE][PASSED] - Wait for page load successfully

2018-01-09 12:16:34 - [TEST_STEP][PASSED] - waitForJQueryLoad: jQuery is ready.

2018-01-09 12:16:34 - [MESSAGE][PASSED] - jQuery is ready.

2018-01-09 12:16:34 - [TEST_STEP][PASSED] - click: Object: 'Object Repository/MQ/MQ_Tab/QuoteSummaryTab' is clicked on

2018-01-09 12:16:36 - [MESSAGE][PASSED] - Object: 'Object Repository/MQ/MQ_Tab/QuoteSummaryTab' is clicked on

2018-01-09 12:16:36 - [TEST_STEP][PASSED] - fn.Select.Customer: fn.Select.Customer is PASSED

2018-01-09 12:16:36 - [MESSAGE][PASSED] - Wait for page load successfully

2018-01-09 12:16:37 - [MESSAGE][PASSED] - Delayed 1 second(s)

2018-01-09 12:16:37 - [MESSAGE][PASSED] - Scroll to object 'Object Repository/MQ/QuoteSummaryPage/btn_CustomerNamePopup' successfully

2018-01-09 12:16:37 - [MESSAGE][PASSED] - Object: 'Object Repository/MQ/QuoteSummaryPage/btn_CustomerNamePopup' is clicked on

2018-01-09 12:16:38 - [MESSAGE][PASSED] - Text 'z AES TEST STAKEHOLDER' is set on object 'Object Repository/MQ/QuoteSummaryPage/searchAddress'

2018-01-09 12:16:38 - [MESSAGE][PASSED] - Keys 'ENTER + ' sent to object: 'Object Repository/MQ/QuoteSummaryPage/searchAddress'

2018-01-09 12:16:38 - [MESSAGE][PASSED] - Wait for page load successfully

2018-01-09 12:16:40 - [MESSAGE][PASSED] - Delayed 2 second(s)

2018-01-09 12:16:40 - [MESSAGE][PASSED] - Object 'Object Repository/MQ/QuoteSummaryPage/selectAddress' is present

2018-01-09 12:16:40 - [MESSAGE][PASSED] - Object 'Object Repository/MQ/QuoteSummaryPage/selectAddress' is clickable

2018-01-09 12:16:40 - [MESSAGE][PASSED] - Object: 'Object Repository/MQ/QuoteSummaryPage/selectAddress' is clicked on

2018-01-09 12:16:40 - [MESSAGE][PASSED] - fn.Select.Customer is PASSED

2018-01-09 12:16:40 - [TEST_STEP][PASSED] - fn.Submit_To.QuoteApprover: fn.Submit_To.QuoteApprover is PASSED

2018-01-09 12:16:40 - [MESSAGE][PASSED] - Wait for page load successfully

2018-01-09 12:16:40 - [MESSAGE][PASSED] - Scroll to object 'Object Repository/MQ/QuoteSummaryPage/btn_QuoteApproverPopup' successfully

2018-01-09 12:16:41 - [MESSAGE][PASSED] - Delayed 1 second(s)

2018-01-09 12:16:41 - [MESSAGE][PASSED] - Object: 'Object Repository/MQ/QuoteSummaryPage/btn_QuoteApproverPopup' is clicked on

2018-01-09 12:16:42 - [MESSAGE][PASSED] - Text 'topuser2_branch' is set on object 'Object Repository/MQ/QuoteSummaryPage/searchUser'

2018-01-09 12:16:42 - [MESSAGE][PASSED] - Wait for page load successfully

2018-01-09 12:16:43 - [MESSAGE][PASSED] - Delayed 1 second(s)

2018-01-09 12:16:43 - [MESSAGE][PASSED] - Object 'Object Repository/MQ/QuoteSummaryPage/selectUser' is present

2018-01-09 12:16:43 - [MESSAGE][PASSED] - Object 'Object Repository/MQ/QuoteSummaryPage/selectUser' is clickable

2018-01-09 12:16:43 - [MESSAGE][PASSED] - Object: 'Object Repository/MQ/QuoteSummaryPage/selectUser' is clicked on

2018-01-09 12:16:45 - [MESSAGE][PASSED] - Object: 'Object Repository/MQ/QuoteSummaryPage/btn_SubmitToQuoteApprover' is clicked on

2018-01-09 12:16:45 - [MESSAGE][PASSED] - Wait for page load successfully

2018-01-09 12:16:46 - [MESSAGE][PASSED] - jQuery is ready.

2018-01-09 12:16:46 - [MESSAGE][PASSED] - fn.Submit_To.QuoteApprover is PASSED

2018-01-09 12:16:46 - [TEST_STEP][PASSED] - closeBrowser: Browser is closed

2018-01-09 12:16:47 - [MESSAGE][PASSED] - Browser is closed]]></system-out>
         <system-err><![CDATA[]]></system-err>
      </testcase>
      <testcase name="Test Cases/MQ_Smoke_Scenario/LCL/1_CSR_Create_MQ_LCL" classname="Test Cases/MQ_Smoke_Scenario/LCL/1_CSR_Create_MQ_LCL" status="PASSED">
         <system-out><![CDATA[2018-01-09 12:16:47 - [TEST_CASE][PASSED] - Test Cases/MQ_Smoke_Scenario/LCL/1_CSR_Create_MQ_LCL: Test Cases/MQ_Smoke_Scenario/LCL/1_CSR_Create_MQ_LCL

2018-01-09 12:16:47 - [TEST_STEP][PASSED] - new1.SignInIE.As: new1.SignInIE.As is PASSED

2018-01-09 12:17:05 - [MESSAGE][PASSED] - Browser is opened with url: 'https://logistics%5cTopuser1_branch:pass1234@focisdemo.agility.com/'

2018-01-09 12:17:06 - [MESSAGE][PASSED] - Current window maximized

2018-01-09 12:17:06 - [MESSAGE][PASSED] - Wait for page load successfully

2018-01-09 12:17:07 - [MESSAGE][PASSED] - jQuery is ready.

2018-01-09 12:17:07 - [MESSAGE][PASSED] - new1.SignInIE.As is PASSED

2018-01-09 12:17:07 - [TEST_STEP][PASSED] - fn.Create.mutiQuote: fn.Create.mutiQuote is PASSED

2018-01-09 12:17:07 - [MESSAGE][PASSED] - Wait for page load successfully

2018-01-09 12:17:07 - [MESSAGE][PASSED] - jQuery is ready.

2018-01-09 12:17:07 - [MESSAGE][PASSED] - Object 'Object Repository/MQ/ListPage/btn_Create Multi-Quote' is present

2018-01-09 12:17:07 - [MESSAGE][PASSED] - Object 'Object Repository/MQ/ListPage/btn_Create Multi-Quote' is clickable

2018-01-09 12:17:09 - [MESSAGE][PASSED] - Object: 'Object Repository/MQ/ListPage/btn_Create Multi-Quote' is clicked on

2018-01-09 12:17:09 - [MESSAGE][PASSED] - Wait for page load successfully

2018-01-09 12:17:09 - [MESSAGE][PASSED] - jQuery is ready.

2018-01-09 12:17:09 - [MESSAGE][PASSED] - fn.Create.mutiQuote is PASSED

2018-01-09 12:17:09 - [TEST_STEP][PASSED] - selectOptionByLabel: All options with label 'Ocean Freight' are selected in object 'Object Repository/MQ/CarrierSearch/Product' 

2018-01-09 12:17:09 - [MESSAGE][PASSED] - All options with label 'Ocean Freight' are selected in object 'Object Repository/MQ/CarrierSearch/Product' 

2018-01-09 12:17:09 - [TEST_STEP][PASSED] - selectOptionByLabel: All options with label 'LCL (NVOCC)' are selected in object 'Object Repository/MQ/CarrierSearch/ProductType' 

2018-01-09 12:17:09 - [MESSAGE][PASSED] - All options with label 'LCL (NVOCC)' are selected in object 'Object Repository/MQ/CarrierSearch/ProductType' 

2018-01-09 12:17:09 - [TEST_STEP][PASSED] - fn.Search.multiple: fn.Search.multiple is PASSED

2018-01-09 12:17:09 - [MESSAGE][PASSED] - Object 'OriginPort' is visible

2018-01-09 12:17:10 - [MESSAGE][PASSED] - Object: 'OriginPort' is clicked on

2018-01-09 12:17:10 - [MESSAGE][PASSED] - Object 'Object Repository/MQ/Port_Country_Search/selectRow' is clickable

2018-01-09 12:17:11 - [MESSAGE][PASSED] - Text 'INMAA' is set on object 'Object Repository/MQ/Port_Country_Search/search_port_or_country'

2018-01-09 12:17:12 - [MESSAGE][PASSED] - Object 'INMAA' is visible

2018-01-09 12:17:12 - [MESSAGE][PASSED] - Object: 'Object Repository/MQ/Port_Country_Search/selectRow' is clicked on

2018-01-09 12:17:12 - [MESSAGE][PASSED] - Text '' is set on object 'Object Repository/MQ/Port_Country_Search/search_port_or_country'

2018-01-09 12:17:13 - [MESSAGE][PASSED] - Text 'INNSA' is set on object 'Object Repository/MQ/Port_Country_Search/search_port_or_country'

2018-01-09 12:17:14 - [MESSAGE][PASSED] - Object 'INNSA' is visible

2018-01-09 12:17:14 - [MESSAGE][PASSED] - Object: 'Object Repository/MQ/Port_Country_Search/selectRow' is clicked on

2018-01-09 12:17:15 - [MESSAGE][PASSED] - Text '' is set on object 'Object Repository/MQ/Port_Country_Search/search_port_or_country'

2018-01-09 12:17:15 - [MESSAGE][PASSED] - Text 'INCCU' is set on object 'Object Repository/MQ/Port_Country_Search/search_port_or_country'

2018-01-09 12:17:16 - [MESSAGE][PASSED] - Object 'INCCU' is visible

2018-01-09 12:17:16 - [MESSAGE][PASSED] - Object: 'Object Repository/MQ/Port_Country_Search/selectRow' is clicked on

2018-01-09 12:17:17 - [MESSAGE][PASSED] - Text '' is set on object 'Object Repository/MQ/Port_Country_Search/search_port_or_country'

2018-01-09 12:17:17 - [MESSAGE][PASSED] - Object: 'Object Repository/MQ/Port_Country_Search/Associate' is clicked on

2018-01-09 12:17:17 - [MESSAGE][PASSED] - fn.Search.multiple is PASSED

2018-01-09 12:17:17 - [TEST_STEP][PASSED] - fn.Search.multiple: fn.Search.multiple is PASSED

2018-01-09 12:17:17 - [MESSAGE][PASSED] - Object 'DestinationPort' is visible

2018-01-09 12:17:17 - [MESSAGE][PASSED] - Object: 'DestinationPort' is clicked on

2018-01-09 12:17:18 - [MESSAGE][PASSED] - Object 'Object Repository/MQ/Port_Country_Search/selectRow' is clickable

2018-01-09 12:17:18 - [MESSAGE][PASSED] - Text 'DEHAM' is set on object 'Object Repository/MQ/Port_Country_Search/search_port_or_country'

2018-01-09 12:17:19 - [MESSAGE][PASSED] - Object 'DEHAM' is visible

2018-01-09 12:17:19 - [MESSAGE][PASSED] - Object: 'Object Repository/MQ/Port_Country_Search/selectRow' is clicked on

2018-01-09 12:17:20 - [MESSAGE][PASSED] - Text '' is set on object 'Object Repository/MQ/Port_Country_Search/search_port_or_country'

2018-01-09 12:17:20 - [MESSAGE][PASSED] - Object: 'Object Repository/MQ/Port_Country_Search/Associate' is clicked on

2018-01-09 12:17:20 - [MESSAGE][PASSED] - fn.Search.multiple is PASSED

2018-01-09 12:17:20 - [TEST_STEP][PASSED] - selectOptionByLabel: All options with label 'CFS to CFS' are selected in object 'Object Repository/MQ/CarrierSearch/Agility Movement Type' 

2018-01-09 12:17:20 - [MESSAGE][PASSED] - All options with label 'CFS to CFS' are selected in object 'Object Repository/MQ/CarrierSearch/Agility Movement Type' 

2018-01-09 12:17:20 - [TEST_STEP][PASSED] - selectOptionByLabel: All options with label 'Prepaid' are selected in object 'Object Repository/MQ/CarrierSearch/OF Term' 

2018-01-09 12:17:21 - [MESSAGE][PASSED] - All options with label 'Prepaid' are selected in object 'Object Repository/MQ/CarrierSearch/OF Term' 

2018-01-09 12:17:21 - [TEST_STEP][PASSED] - click: Object: 'Object Repository/MQ/CarrierSearch/HAZ NO' is clicked on

2018-01-09 12:17:21 - [MESSAGE][PASSED] - Object: 'Object Repository/MQ/CarrierSearch/HAZ NO' is clicked on

2018-01-09 12:17:21 - [TEST_STEP][PASSED] - takeScreenshot: Taking screenshot successfully

2018-01-09 12:17:21 - [MESSAGE][PASSED] - Taking screenshot successfully
[[ATTACHMENT|C:\\Users\\GThatikonda\\git\\MultiQuote\\Reports\\SmokeTest\\20180109_121418\\1515480441204.png]]

2018-01-09 12:17:21 - [TEST_STEP][PASSED] - click: Object: 'Object Repository/MQ/CarrierSearch/Search_Carrier_Contract' is clicked on

2018-01-09 12:17:26 - [MESSAGE][PASSED] - Object: 'Object Repository/MQ/CarrierSearch/Search_Carrier_Contract' is clicked on

2018-01-09 12:17:26 - [TEST_STEP][PASSED] - fn.DragAndDropUnique.portCodesLCL: fn.DragAndDropUnique.portCodesLCL is PASSED

2018-01-09 12:17:26 - [MESSAGE][PASSED] - Object 'Object Repository/MQ/CarrierSearch/chkAllRoutes' is clickable

2018-01-09 12:17:27 - [MESSAGE][PASSED] - fn.DragAndDropUnique.portCodesLCL is PASSED

2018-01-09 12:17:27 - [TEST_STEP][PASSED] - fn.Create.MQ_with_AgilityTariff: fn.Create.MQ_with_AgilityTariff is PASSED

2018-01-09 12:17:29 - [MESSAGE][PASSED] - Delayed 2 second(s)

2018-01-09 12:17:32 - [MESSAGE][PASSED] - Object: 'Object Repository/MQ/CarrierSearch/btn_Add_Agility_Tariff' is clicked on

2018-01-09 12:17:32 - [MESSAGE][PASSED] - Wait for page load successfully

2018-01-09 12:17:32 - [MESSAGE][PASSED] - jQuery is ready.

2018-01-09 12:17:32 - [MESSAGE][PASSED] - Scroll to object 'Object Repository/MQ/TariffSearch/Search_Agility_Tariff' successfully

2018-01-09 12:17:34 - [MESSAGE][PASSED] - Object: 'Object Repository/MQ/TariffSearch/Search_Agility_Tariff' is clicked on

2018-01-09 12:17:34 - [MESSAGE][PASSED] - Wait for page load successfully

2018-01-09 12:17:34 - [MESSAGE][PASSED] - jQuery is ready.

2018-01-09 12:17:34 - [MESSAGE][PASSED] - Scroll to object 'Object Repository/MQ/TariffSearch/Generate_Quote_with_Agility_Tariff' successfully

2018-01-09 12:17:39 - [MESSAGE][PASSED] - Object: 'Object Repository/MQ/TariffSearch/Generate_Quote_with_Agility_Tariff' is clicked on

2018-01-09 12:17:39 - [MESSAGE][PASSED] - Wait for page load successfully

2018-01-09 12:17:39 - [MESSAGE][PASSED] - jQuery is ready.

2018-01-09 12:17:40 - [MESSAGE][PASSED] - Delayed 1 second(s)

2018-01-09 12:17:40 - [MESSAGE][PASSED] - fn.Create.MQ_with_AgilityTariff is PASSED

2018-01-09 12:17:40 - [TEST_STEP][PASSED] - Statement - MQ_No = com.kms.katalon.core.webui.keyword.WebUiBuiltInKeywords.getText(com.kms.katalon.core.testobject.ObjectRepository.findTestObject(Object Repository/MQ/QuoteInfoPage/getQuoteNo)): Text of object 'Object Repository/MQ/QuoteInfoPage/getQuoteNo' is: 'MQ-135-INDEV'

2018-01-09 12:17:40 - [MESSAGE][PASSED] - Text of object 'Object Repository/MQ/QuoteInfoPage/getQuoteNo' is: 'MQ-135-INDEV'

2018-01-09 12:17:40 - [TEST_STEP][PASSED] - Statement - err.println(MQ_No): null

2018-01-09 12:17:40 - [TEST_STEP][PASSED] - setText: Text 'Selenium Automation Script run by Local Host Name/IP Address: INHYDTGOPINATH/10.138.106.68
Name of the OS         : Windows 7
Version of the OS      : 6.1
Architecture of the OS : amd64
Name of the Browser    : chrome
Browser Version        : 63.0.3239.132' is set on object 'Object Repository/MQ/QuoteInfoPage/Add Cargo Desription'

2018-01-09 12:17:40 - [MESSAGE][PASSED] - fn.Host.details is PASSED

2018-01-09 12:17:43 - [MESSAGE][PASSED] - Text 'Selenium Automation Script run by Local Host Name/IP Address: INHYDTGOPINATH/10.138.106.68
Name of the OS         : Windows 7
Version of the OS      : 6.1
Architecture of the OS : amd64
Name of the Browser    : chrome
Browser Version        : 63.0.3239.132' is set on object 'Object Repository/MQ/QuoteInfoPage/Add Cargo Desription'

2018-01-09 12:17:43 - [TEST_STEP][PASSED] - setText: Text 'INHYDTGOPINATH' is set on object 'Object Repository/MQ/QuoteInfoPage/QuoteCustomerRefNo'

2018-01-09 12:17:43 - [MESSAGE][PASSED] - fn.Host.name is PASSED

2018-01-09 12:17:44 - [MESSAGE][PASSED] - Text 'INHYDTGOPINATH' is set on object 'Object Repository/MQ/QuoteInfoPage/QuoteCustomerRefNo'

2018-01-09 12:17:44 - [TEST_STEP][PASSED] - takeScreenshot: Taking screenshot successfully

2018-01-09 12:17:44 - [MESSAGE][PASSED] - Taking screenshot successfully
[[ATTACHMENT|C:\\Users\\GThatikonda\\git\\MultiQuote\\Reports\\SmokeTest\\20180109_121418\\1515480464175.png]]

2018-01-09 12:17:44 - [TEST_STEP][PASSED] - delay: Delayed 1 second(s)

2018-01-09 12:17:45 - [MESSAGE][PASSED] - Delayed 1 second(s)

2018-01-09 12:17:45 - [TEST_STEP][PASSED] - scrollToElement: Scroll to object 'Object Repository/MQ/QuoteInfoPage/btn_Save_and_Continue' successfully

2018-01-09 12:17:45 - [MESSAGE][PASSED] - Scroll to object 'Object Repository/MQ/QuoteInfoPage/btn_Save_and_Continue' successfully

2018-01-09 12:17:45 - [TEST_STEP][PASSED] - click: Object: 'Object Repository/MQ/QuoteInfoPage/btn_Save_and_Continue' is clicked on

2018-01-09 12:17:49 - [MESSAGE][PASSED] - Object: 'Object Repository/MQ/QuoteInfoPage/btn_Save_and_Continue' is clicked on

2018-01-09 12:17:49 - [TEST_STEP][PASSED] - waitForPageLoad: Wait for page load successfully

2018-01-09 12:17:49 - [MESSAGE][PASSED] - Wait for page load successfully

2018-01-09 12:17:49 - [TEST_STEP][PASSED] - waitForJQueryLoad: jQuery is ready.

2018-01-09 12:17:49 - [MESSAGE][PASSED] - jQuery is ready.

2018-01-09 12:17:49 - [TEST_STEP][PASSED] - click: Object: 'Object Repository/MQ/MQ_Tab/QuoteSummaryTab' is clicked on

2018-01-09 12:17:51 - [MESSAGE][PASSED] - Object: 'Object Repository/MQ/MQ_Tab/QuoteSummaryTab' is clicked on

2018-01-09 12:17:51 - [TEST_STEP][PASSED] - fn.Select.Customer: fn.Select.Customer is PASSED

2018-01-09 12:17:51 - [MESSAGE][PASSED] - Wait for page load successfully

2018-01-09 12:17:52 - [MESSAGE][PASSED] - Delayed 1 second(s)

2018-01-09 12:17:52 - [MESSAGE][PASSED] - Scroll to object 'Object Repository/MQ/QuoteSummaryPage/btn_CustomerNamePopup' successfully

2018-01-09 12:17:52 - [MESSAGE][PASSED] - Object: 'Object Repository/MQ/QuoteSummaryPage/btn_CustomerNamePopup' is clicked on

2018-01-09 12:17:53 - [MESSAGE][PASSED] - Text 'z AES TEST STAKEHOLDER' is set on object 'Object Repository/MQ/QuoteSummaryPage/searchAddress'

2018-01-09 12:17:53 - [MESSAGE][PASSED] - Keys 'ENTER + ' sent to object: 'Object Repository/MQ/QuoteSummaryPage/searchAddress'

2018-01-09 12:17:53 - [MESSAGE][PASSED] - Wait for page load successfully

2018-01-09 12:17:55 - [MESSAGE][PASSED] - Delayed 2 second(s)

2018-01-09 12:17:55 - [MESSAGE][PASSED] - Object 'Object Repository/MQ/QuoteSummaryPage/selectAddress' is present

2018-01-09 12:17:55 - [MESSAGE][PASSED] - Object 'Object Repository/MQ/QuoteSummaryPage/selectAddress' is clickable

2018-01-09 12:17:55 - [MESSAGE][PASSED] - Object: 'Object Repository/MQ/QuoteSummaryPage/selectAddress' is clicked on

2018-01-09 12:17:55 - [MESSAGE][PASSED] - fn.Select.Customer is PASSED

2018-01-09 12:17:55 - [TEST_STEP][PASSED] - fn.Submit_To.QuoteApprover: fn.Submit_To.QuoteApprover is PASSED

2018-01-09 12:17:55 - [MESSAGE][PASSED] - Wait for page load successfully

2018-01-09 12:17:55 - [MESSAGE][PASSED] - Scroll to object 'Object Repository/MQ/QuoteSummaryPage/btn_QuoteApproverPopup' successfully

2018-01-09 12:17:56 - [MESSAGE][PASSED] - Delayed 1 second(s)

2018-01-09 12:17:56 - [MESSAGE][PASSED] - Object: 'Object Repository/MQ/QuoteSummaryPage/btn_QuoteApproverPopup' is clicked on

2018-01-09 12:17:57 - [MESSAGE][PASSED] - Text 'topuser2_branch' is set on object 'Object Repository/MQ/QuoteSummaryPage/searchUser'

2018-01-09 12:17:57 - [MESSAGE][PASSED] - Wait for page load successfully

2018-01-09 12:17:58 - [MESSAGE][PASSED] - Delayed 1 second(s)

2018-01-09 12:17:58 - [MESSAGE][PASSED] - Object 'Object Repository/MQ/QuoteSummaryPage/selectUser' is present

2018-01-09 12:17:58 - [MESSAGE][PASSED] - Object 'Object Repository/MQ/QuoteSummaryPage/selectUser' is clickable

2018-01-09 12:17:58 - [MESSAGE][PASSED] - Object: 'Object Repository/MQ/QuoteSummaryPage/selectUser' is clicked on

2018-01-09 12:18:00 - [MESSAGE][PASSED] - Object: 'Object Repository/MQ/QuoteSummaryPage/btn_SubmitToQuoteApprover' is clicked on

2018-01-09 12:18:00 - [MESSAGE][PASSED] - Wait for page load successfully

2018-01-09 12:18:01 - [MESSAGE][PASSED] - jQuery is ready.

2018-01-09 12:18:01 - [MESSAGE][PASSED] - fn.Submit_To.QuoteApprover is PASSED

2018-01-09 12:18:01 - [TEST_STEP][PASSED] - closeBrowser: Browser is closed

2018-01-09 12:18:02 - [MESSAGE][PASSED] - Browser is closed]]></system-out>
         <system-err><![CDATA[]]></system-err>
      </testcase>
      <system-out><![CDATA[2018-01-09 12:14:20 - [TEST_SUITE][PASSED] - SmokeTest: Test Cases/MQ_Smoke_Scenario/LCL/1_CSR_Create_MQ_LCL]]></system-out>
      <system-err><![CDATA[]]></system-err>
   </testsuite>
</testsuites>
